An error occurred during Hydra's exception formatting:
AssertionError()
Traceback (most recent call last):
  File "/mnt/lustre/work/geiger/gwb581/lead/3rd_party/navsim_workspace/navsimv1.1/navsim/planning/script/run_dataset_caching.py", line 99, in <module>
    main()
  File "/mnt/lustre/work/geiger/gwb581/miniconda3/envs/navsimv1.1/lib/python3.10/site-packages/hydra/main.py", line 90, in decorated_main
    _run_hydra(
  File "/mnt/lustre/work/geiger/gwb581/miniconda3/envs/navsimv1.1/lib/python3.10/site-packages/hydra/_internal/utils.py", line 389, in _run_hydra
    _run_app(
  File "/mnt/lustre/work/geiger/gwb581/miniconda3/envs/navsimv1.1/lib/python3.10/site-packages/hydra/_internal/utils.py", line 452, in _run_app
    run_and_report(
  File "/mnt/lustre/work/geiger/gwb581/miniconda3/envs/navsimv1.1/lib/python3.10/site-packages/hydra/_internal/utils.py", line 296, in run_and_report
    raise ex
  File "/mnt/lustre/work/geiger/gwb581/miniconda3/envs/navsimv1.1/lib/python3.10/site-packages/hydra/_internal/utils.py", line 213, in run_and_report
    return func()
  File "/mnt/lustre/work/geiger/gwb581/miniconda3/envs/navsimv1.1/lib/python3.10/site-packages/hydra/_internal/utils.py", line 453, in <lambda>
    lambda: hydra.run(
  File "/mnt/lustre/work/geiger/gwb581/miniconda3/envs/navsimv1.1/lib/python3.10/site-packages/hydra/_internal/hydra.py", line 119, in run
    ret = run_job(
  File "/mnt/lustre/work/geiger/gwb581/miniconda3/envs/navsimv1.1/lib/python3.10/site-packages/hydra/core/utils.py", line 116, in run_job
    output_dir = str(OmegaConf.select(config, job_dir_key))
  File "/mnt/lustre/work/geiger/gwb581/miniconda3/envs/navsimv1.1/lib/python3.10/site-packages/omegaconf/omegaconf.py", line 682, in select
    format_and_raise(node=cfg, key=key, value=None, cause=e, msg=str(e))
  File "/mnt/lustre/work/geiger/gwb581/miniconda3/envs/navsimv1.1/lib/python3.10/site-packages/omegaconf/_utils.py", line 899, in format_and_raise
    _raise(ex, cause)
  File "/mnt/lustre/work/geiger/gwb581/miniconda3/envs/navsimv1.1/lib/python3.10/site-packages/omegaconf/_utils.py", line 797, in _raise
    raise ex.with_traceback(sys.exc_info()[2])  # set env var OC_CAUSE=1 for full trace
  File "/mnt/lustre/work/geiger/gwb581/miniconda3/envs/navsimv1.1/lib/python3.10/site-packages/omegaconf/omegaconf.py", line 674, in select
    return select_value(
  File "/mnt/lustre/work/geiger/gwb581/miniconda3/envs/navsimv1.1/lib/python3.10/site-packages/omegaconf/_impl.py", line 58, in select_value
    node = select_node(
  File "/mnt/lustre/work/geiger/gwb581/miniconda3/envs/navsimv1.1/lib/python3.10/site-packages/omegaconf/_impl.py", line 93, in select_node
    _root, _last_key, node = cfg._select_impl(
  File "/mnt/lustre/work/geiger/gwb581/miniconda3/envs/navsimv1.1/lib/python3.10/site-packages/omegaconf/base.py", line 531, in _select_impl
    value = root._maybe_resolve_interpolation(
  File "/mnt/lustre/work/geiger/gwb581/miniconda3/envs/navsimv1.1/lib/python3.10/site-packages/omegaconf/base.py", line 719, in _maybe_resolve_interpolation
    return self._resolve_interpolation_from_parse_tree(
  File "/mnt/lustre/work/geiger/gwb581/miniconda3/envs/navsimv1.1/lib/python3.10/site-packages/omegaconf/base.py", line 584, in _resolve_interpolation_from_parse_tree
    resolved = self.resolve_parse_tree(
  File "/mnt/lustre/work/geiger/gwb581/miniconda3/envs/navsimv1.1/lib/python3.10/site-packages/omegaconf/base.py", line 764, in resolve_parse_tree
    return visitor.visit(parse_tree)
  File "/mnt/lustre/work/geiger/gwb581/miniconda3/envs/navsimv1.1/lib/python3.10/site-packages/antlr4/tree/Tree.py", line 34, in visit
    return tree.accept(self)
  File "/mnt/lustre/work/geiger/gwb581/miniconda3/envs/navsimv1.1/lib/python3.10/site-packages/omegaconf/grammar/gen/OmegaConfGrammarParser.py", line 206, in accept
    return visitor.visitConfigValue(self)
  File "/mnt/lustre/work/geiger/gwb581/miniconda3/envs/navsimv1.1/lib/python3.10/site-packages/omegaconf/grammar_visitor.py", line 101, in visitConfigValue
    return self.visit(ctx.getChild(0))
  File "/mnt/lustre/work/geiger/gwb581/miniconda3/envs/navsimv1.1/lib/python3.10/site-packages/antlr4/tree/Tree.py", line 34, in visit
    return tree.accept(self)
  File "/mnt/lustre/work/geiger/gwb581/miniconda3/envs/navsimv1.1/lib/python3.10/site-packages/omegaconf/grammar/gen/OmegaConfGrammarParser.py", line 342, in accept
    return visitor.visitText(self)
  File "/mnt/lustre/work/geiger/gwb581/miniconda3/envs/navsimv1.1/lib/python3.10/site-packages/omegaconf/grammar_visitor.py", line 298, in visitText
    return self.visitInterpolation(c)
  File "/mnt/lustre/work/geiger/gwb581/miniconda3/envs/navsimv1.1/lib/python3.10/site-packages/omegaconf/grammar_visitor.py", line 125, in visitInterpolation
    return self.visit(ctx.getChild(0))
  File "/mnt/lustre/work/geiger/gwb581/miniconda3/envs/navsimv1.1/lib/python3.10/site-packages/antlr4/tree/Tree.py", line 34, in visit
    return tree.accept(self)
  File "/mnt/lustre/work/geiger/gwb581/miniconda3/envs/navsimv1.1/lib/python3.10/site-packages/omegaconf/grammar/gen/OmegaConfGrammarParser.py", line 921, in accept
    return visitor.visitInterpolationNode(self)
  File "/mnt/lustre/work/geiger/gwb581/miniconda3/envs/navsimv1.1/lib/python3.10/site-packages/omegaconf/grammar_visitor.py", line 158, in visitInterpolationNode
    return self.node_interpolation_callback(inter_key, self.memo)
  File "/mnt/lustre/work/geiger/gwb581/miniconda3/envs/navsimv1.1/lib/python3.10/site-packages/omegaconf/base.py", line 745, in node_interpolation_callback
    return self._resolve_node_interpolation(inter_key=inter_key, memo=memo)
  File "/mnt/lustre/work/geiger/gwb581/miniconda3/envs/navsimv1.1/lib/python3.10/site-packages/omegaconf/base.py", line 664, in _resolve_node_interpolation
    parent, last_key, value = root_node._select_impl(
  File "/mnt/lustre/work/geiger/gwb581/miniconda3/envs/navsimv1.1/lib/python3.10/site-packages/omegaconf/base.py", line 531, in _select_impl
    value = root._maybe_resolve_interpolation(
  File "/mnt/lustre/work/geiger/gwb581/miniconda3/envs/navsimv1.1/lib/python3.10/site-packages/omegaconf/base.py", line 719, in _maybe_resolve_interpolation
    return self._resolve_interpolation_from_parse_tree(
  File "/mnt/lustre/work/geiger/gwb581/miniconda3/envs/navsimv1.1/lib/python3.10/site-packages/omegaconf/base.py", line 584, in _resolve_interpolation_from_parse_tree
    resolved = self.resolve_parse_tree(
  File "/mnt/lustre/work/geiger/gwb581/miniconda3/envs/navsimv1.1/lib/python3.10/site-packages/omegaconf/base.py", line 764, in resolve_parse_tree
    return visitor.visit(parse_tree)
  File "/mnt/lustre/work/geiger/gwb581/miniconda3/envs/navsimv1.1/lib/python3.10/site-packages/antlr4/tree/Tree.py", line 34, in visit
    return tree.accept(self)
  File "/mnt/lustre/work/geiger/gwb581/miniconda3/envs/navsimv1.1/lib/python3.10/site-packages/omegaconf/grammar/gen/OmegaConfGrammarParser.py", line 206, in accept
    return visitor.visitConfigValue(self)
  File "/mnt/lustre/work/geiger/gwb581/miniconda3/envs/navsimv1.1/lib/python3.10/site-packages/omegaconf/grammar_visitor.py", line 101, in visitConfigValue
    return self.visit(ctx.getChild(0))
  File "/mnt/lustre/work/geiger/gwb581/miniconda3/envs/navsimv1.1/lib/python3.10/site-packages/antlr4/tree/Tree.py", line 34, in visit
    return tree.accept(self)
  File "/mnt/lustre/work/geiger/gwb581/miniconda3/envs/navsimv1.1/lib/python3.10/site-packages/omegaconf/grammar/gen/OmegaConfGrammarParser.py", line 342, in accept
    return visitor.visitText(self)
  File "/mnt/lustre/work/geiger/gwb581/miniconda3/envs/navsimv1.1/lib/python3.10/site-packages/omegaconf/grammar_visitor.py", line 301, in visitText
    return self._unescape(list(ctx.getChildren()))
  File "/mnt/lustre/work/geiger/gwb581/miniconda3/envs/navsimv1.1/lib/python3.10/site-packages/omegaconf/grammar_visitor.py", line 389, in _unescape
    text = str(self.visitInterpolation(node))
  File "/mnt/lustre/work/geiger/gwb581/miniconda3/envs/navsimv1.1/lib/python3.10/site-packages/omegaconf/grammar_visitor.py", line 125, in visitInterpolation
    return self.visit(ctx.getChild(0))
  File "/mnt/lustre/work/geiger/gwb581/miniconda3/envs/navsimv1.1/lib/python3.10/site-packages/antlr4/tree/Tree.py", line 34, in visit
    return tree.accept(self)
  File "/mnt/lustre/work/geiger/gwb581/miniconda3/envs/navsimv1.1/lib/python3.10/site-packages/omegaconf/grammar/gen/OmegaConfGrammarParser.py", line 921, in accept
    return visitor.visitInterpolationNode(self)
  File "/mnt/lustre/work/geiger/gwb581/miniconda3/envs/navsimv1.1/lib/python3.10/site-packages/omegaconf/grammar_visitor.py", line 158, in visitInterpolationNode
    return self.node_interpolation_callback(inter_key, self.memo)
  File "/mnt/lustre/work/geiger/gwb581/miniconda3/envs/navsimv1.1/lib/python3.10/site-packages/omegaconf/base.py", line 745, in node_interpolation_callback
    return self._resolve_node_interpolation(inter_key=inter_key, memo=memo)
  File "/mnt/lustre/work/geiger/gwb581/miniconda3/envs/navsimv1.1/lib/python3.10/site-packages/omegaconf/base.py", line 671, in _resolve_node_interpolation
    raise InterpolationToMissingValueError(
  File "/mnt/lustre/work/geiger/gwb581/miniconda3/envs/navsimv1.1/lib/python3.10/site-packages/omegaconf/base.py", line 664, in _resolve_node_interpolation
    parent, last_key, value = root_node._select_impl(
  File "/mnt/lustre/work/geiger/gwb581/miniconda3/envs/navsimv1.1/lib/python3.10/site-packages/omegaconf/base.py", line 514, in _select_impl
    value, _ = _select_one(
  File "/mnt/lustre/work/geiger/gwb581/miniconda3/envs/navsimv1.1/lib/python3.10/site-packages/omegaconf/omegaconf.py", line 1150, in _select_one
    raise MissingMandatoryValue(
omegaconf.errors.InterpolationToMissingValueError: MissingMandatoryValue while resolving interpolation: Missing mandatory value: experiment_name
    full_key: hydra.run.dir
    object_type=dict
